0 info it worked if it ends with ok
1 verbose cli [ '/usr/bin/node', '/usr/bin/npm', 'run', 'lint' ]
2 info using npm@3.5.2
3 info using node@v8.10.0
4 verbose run-script [ 'prelint', 'lint', 'postlint' ]
5 info lifecycle web@0.0.0~prelint: web@0.0.0
6 silly lifecycle web@0.0.0~prelint: no script for prelint, continuing
7 info lifecycle web@0.0.0~lint: web@0.0.0
8 verbose lifecycle web@0.0.0~lint: unsafe-perm in lifecycle true
9 verbose lifecycle web@0.0.0~lint: PATH: /usr/share/npm/bin/node-gyp-bin:/home/maria/Escritorio/TFG/web/node_modules/.bin:/home/maria/Escritorio/TFG/web/node_modules/.bin:/tmp/yarn--1555665040163-0.9861646607200325:/home/maria/Escritorio/TFG/web/node_modules/.bin:/home/maria/.config/yarn/link/node_modules/.bin:/home/maria/.yarn/bin:/usr/libexec/lib/node_modules/npm/bin/node-gyp-bin:/usr/lib/node_modules/npm/bin/node-gyp-bin:/usr/bin/node_modules/npm/bin/node-gyp-bin:/usr/local/sbin:/usr/local/bin:/usr/sbin:/usr/bin:/sbin:/bin:/usr/games:/usr/local/games:/snap/bin:/usr/lib/jvm/java-8-oracle/bin:/usr/lib/jvm/java-8-oracle/db/bin:/usr/lib/jvm/java-8-oracle/jre/bin
10 verbose lifecycle web@0.0.0~lint: CWD: /home/maria/Escritorio/TFG/web
11 silly lifecycle web@0.0.0~lint: Args: [ '-c', 'eslint . ' ]
12 silly lifecycle web@0.0.0~lint: Returned: code: 1  signal: null
13 info lifecycle web@0.0.0~lint: Failed to exec lint script
14 verbose stack Error: web@0.0.0 lint: `eslint . `
14 verbose stack Exit status 1
14 verbose stack     at EventEmitter.<anonymous> (/usr/share/npm/lib/utils/lifecycle.js:232:16)
14 verbose stack     at emitTwo (events.js:126:13)
14 verbose stack     at EventEmitter.emit (events.js:214:7)
14 verbose stack     at ChildProcess.<anonymous> (/usr/share/npm/lib/utils/spawn.js:24:14)
14 verbose stack     at emitTwo (events.js:126:13)
14 verbose stack     at ChildProcess.emit (events.js:214:7)
14 verbose stack     at maybeClose (internal/child_process.js:925:16)
14 verbose stack     at Process.ChildProcess._handle.onexit (internal/child_process.js:209:5)
15 verbose pkgid web@0.0.0
16 verbose cwd /home/maria/Escritorio/TFG/web
17 error Linux 4.15.0-47-generic
18 error argv "/usr/bin/node" "/usr/bin/npm" "run" "lint"
19 error node v8.10.0
20 error npm  v3.5.2
21 error code ELIFECYCLE
22 error web@0.0.0 lint: `eslint . `
22 error Exit status 1
23 error Failed at the web@0.0.0 lint script 'eslint . '.
23 error Make sure you have the latest version of node.js and npm installed.
23 error If you do, this is most likely a problem with the web package,
23 error not with npm itself.
23 error Tell the author that this fails on your system:
23 error     eslint .
23 error You can get information on how to open an issue for this project with:
23 error     npm bugs web
23 error Or if that isn't available, you can get their info via:
23 error     npm owner ls web
23 error There is likely additional logging output above.
24 verbose exit [ 1, true ]
